This is pdfTeX, Version 3.141592653-2.6-1.40.25 (MiKTeX 23.12) (preloaded format=pdflatex 2024.1.17)  22 JAN 2024 14:09
entering extended mode
 restricted \write18 enabled.
 file:line:error style messages enabled.
 %&-line parsing enabled.
**"c:/NoteSchema/Math 215/Lecture_5/notes.tex"
(c:/NoteSchema/Math 215/Lecture_5/notes.tex
LaTeX2e <2023-11-01>
L3 programming layer <2024-01-04>
c:/NoteSchema/Math 215/Lecture_5/notes.tex:1: Undefined control sequence.
<argument> C:NoteSchema 
                        Templates HomeworkTemp _151.tex
l.1 ...\NoteSchema\Templates\HomeworkTemp_151.tex}
                                                  
The control sequence at the end of the top line
of your error message was never \def'ed. If you have
misspelled it (e.g., `\hobx'), type `I' and the correct
spelling (e.g., `I\hbox'). Otherwise just continue,
and I'll forget about whatever was undefined.

c:/NoteSchema/Math 215/Lecture_5/notes.tex:1: Undefined control sequence.
<argument> C:NoteSchema Templates 
                                  HomeworkTemp _151.tex
l.1 ...\NoteSchema\Templates\HomeworkTemp_151.tex}
                                                  
The control sequence at the end of the top line
of your error message was never \def'ed. If you have
misspelled it (e.g., `\hobx'), type `I' and the correct
spelling (e.g., `I\hbox'). Otherwise just continue,
and I'll forget about whatever was undefined.

c:/NoteSchema/Math 215/Lecture_5/notes.tex:1: Undefined control sequence.
<argument> C:NoteSchema Templates HomeworkTemp 
                                               _151.tex
l.1 ...\NoteSchema\Templates\HomeworkTemp_151.tex}
                                                  
The control sequence at the end of the top line
of your error message was never \def'ed. If you have
misspelled it (e.g., `\hobx'), type `I' and the correct
spelling (e.g., `I\hbox'). Otherwise just continue,
and I'll forget about whatever was undefined.

c:/NoteSchema/Math 215/Lecture_5/notes.tex:1: Undefined control sequence.
<argument> C:NoteSchema 
                        Templates HomeworkTemp _151.tex
l.1 ...\NoteSchema\Templates\HomeworkTemp_151.tex}
                                                  
The control sequence at the end of the top line
of your error message was never \def'ed. If you have
misspelled it (e.g., `\hobx'), type `I' and the correct
spelling (e.g., `I\hbox'). Otherwise just continue,
and I'll forget about whatever was undefined.

c:/NoteSchema/Math 215/Lecture_5/notes.tex:1: Undefined control sequence.
<argument> C:NoteSchema Templates 
                                  HomeworkTemp _151.tex
l.1 ...\NoteSchema\Templates\HomeworkTemp_151.tex}
                                                  
The control sequence at the end of the top line
of your error message was never \def'ed. If you have
misspelled it (e.g., `\hobx'), type `I' and the correct
spelling (e.g., `I\hbox'). Otherwise just continue,
and I'll forget about whatever was undefined.

c:/NoteSchema/Math 215/Lecture_5/notes.tex:1: Undefined control sequence.
<argument> C:NoteSchema Templates HomeworkTemp 
                                               _151.tex
l.1 ...\NoteSchema\Templates\HomeworkTemp_151.tex}
                                                  
The control sequence at the end of the top line
of your error message was never \def'ed. If you have
misspelled it (e.g., `\hobx'), type `I' and the correct
spelling (e.g., `I\hbox'). Otherwise just continue,
and I'll forget about whatever was undefined.

c:/NoteSchema/Math 215/Lecture_5/notes.tex:1: Undefined control sequence.
<argument> C:NoteSchema 
                        Templates HomeworkTemp _151.tex
l.1 ...\NoteSchema\Templates\HomeworkTemp_151.tex}
                                                  
The control sequence at the end of the top line
of your error message was never \def'ed. If you have
misspelled it (e.g., `\hobx'), type `I' and the correct
spelling (e.g., `I\hbox'). Otherwise just continue,
and I'll forget about whatever was undefined.

c:/NoteSchema/Math 215/Lecture_5/notes.tex:1: Undefined control sequence.
<argument> C:NoteSchema Templates 
                                  HomeworkTemp _151.tex
l.1 ...\NoteSchema\Templates\HomeworkTemp_151.tex}
                                                  
The control sequence at the end of the top line
of your error message was never \def'ed. If you have
misspelled it (e.g., `\hobx'), type `I' and the correct
spelling (e.g., `I\hbox'). Otherwise just continue,
and I'll forget about whatever was undefined.

c:/NoteSchema/Math 215/Lecture_5/notes.tex:1: Undefined control sequence.
<argument> C:NoteSchema Templates HomeworkTemp 
                                               _151.tex
l.1 ...\NoteSchema\Templates\HomeworkTemp_151.tex}
                                                  
The control sequence at the end of the top line
of your error message was never \def'ed. If you have
misspelled it (e.g., `\hobx'), type `I' and the correct
spelling (e.g., `I\hbox'). Otherwise just continue,
and I'll forget about whatever was undefined.


! LaTeX Error: File `C:_151.tex' not found.

Type X to quit or <RETURN> to proceed,
or enter new name. (Default extension: tex)

Enter file name: 
c:/NoteSchema/Math 215/Lecture_5/notes.tex:1: Emergency stop.
<read *> 
         
l.1 ...\NoteSchema\Templates\HomeworkTemp_151.tex}
                                                  ^^M
*** (cannot \read from terminal in nonstop modes)

 
Here is how much of TeX's memory you used:
 24 strings out of 474486
 529 string characters out of 5743755
 1924528 words of memory out of 5000000
 22409 multiletter control sequences out of 15000+600000
 558069 words of font info for 36 fonts, out of 8000000 for 9000
 1141 hyphenation exceptions out of 8191
 16i,0n,26p,131b,18s stack positions out of 10000i,1000n,20000p,200000b,200000s
c:/NoteSchema/Math 215/Lecture_5/notes.tex:1:  ==> Fatal error occurred, no output PDF file produced!
